c:\users\vztpv\downloads\jsonlint-master\jsonlint-master\jsonlint\jsonlint\release\vc141.pdb
c:\users\vztpv\downloads\jsonlint-master\jsonlint-master\jsonlint\jsonlint\release\static_declaration.obj
c:\users\vztpv\downloads\jsonlint-master\jsonlint-master\jsonlint\jsonlint\release\main.obj
c:\users\vztpv\downloads\jsonlint-master\jsonlint-master\jsonlint\jsonlint\release\load_data.obj
c:\users\vztpv\downloads\jsonlint-master\jsonlint-master\jsonlint\jsonlint\release\global.obj
c:\users\vztpv\downloads\jsonlint-master\jsonlint-master\jsonlint\jsonlint\release\clautext.obj
c:\users\vztpv\downloads\jsonlint-master\jsonlint-master\jsonlint\release\jsonlint.ipdb
c:\users\vztpv\downloads\jsonlint-master\jsonlint-master\jsonlint\release\jsonlint.iobj
c:\users\vztpv\downloads\jsonlint-master\jsonlint-master\jsonlint\release\jsonlint.exe
c:\users\vztpv\downloads\jsonlint-master\jsonlint-master\jsonlint\release\jsonlint.pdb
c:\users\vztpv\downloads\jsonlint-master\jsonlint-master\jsonlint_vs\jsonlint\release\clautext.obj
c:\users\vztpv\downloads\jsonlint-master\jsonlint-master\jsonlint_vs\jsonlint\release\global.obj
c:\users\vztpv\downloads\jsonlint-master\jsonlint-master\jsonlint_vs\jsonlint\release\load_data.obj
c:\users\vztpv\downloads\jsonlint-master\jsonlint-master\jsonlint_vs\jsonlint\release\main.obj
c:\users\vztpv\downloads\jsonlint-master\jsonlint-master\jsonlint_vs\jsonlint\release\static_declaration.obj
c:\users\vztpv\downloads\jsonlint-master\jsonlint-master\jsonlint_vs\jsonlint\release\vc141.pdb
c:\users\vztpv\downloads\jsonlint-master\jsonlint-master\jsonlint_vs\release\jsonlint.pdb
c:\users\vztpv\downloads\jsonlint-master\jsonlint-master\jsonlint_vs\release\jsonlint.exe
c:\users\vztpv\downloads\jsonlint-master\jsonlint-master\jsonlint_vs\jsonlint\release\jsonlint.tlog\cl.command.1.tlog
c:\users\vztpv\downloads\jsonlint-master\jsonlint-master\jsonlint_vs\jsonlint\release\jsonlint.tlog\cl.read.1.tlog
c:\users\vztpv\downloads\jsonlint-master\jsonlint-master\jsonlint_vs\jsonlint\release\jsonlint.tlog\cl.write.1.tlog
c:\users\vztpv\downloads\jsonlint-master\jsonlint-master\jsonlint_vs\jsonlint\release\jsonlint.tlog\jsonlint.write.1u.tlog
c:\users\vztpv\downloads\jsonlint-master\jsonlint-master\jsonlint_vs\jsonlint\release\jsonlint.tlog\link.command.1.tlog
c:\users\vztpv\downloads\jsonlint-master\jsonlint-master\jsonlint_vs\jsonlint\release\jsonlint.tlog\link.read.1.tlog
c:\users\vztpv\downloads\jsonlint-master\jsonlint-master\jsonlint_vs\jsonlint\release\jsonlint.tlog\link.write.1.tlog
